Command line:
   tsuc_isim_beh.exe
     -simmode  gui
     -simrunnum  1
     -socket  49528

Sat Apr 15 20:29:10 2017


 Elaboration Time: 0.28125 sec

 Current Memory Usage: 858.296 Meg

 Total Signals          : 8
 Total Nets             : 15
 Total Signal Drivers   : 3
 Total Blocks           : 3
 Total Primitive Blocks : 2
 Total Processes        : 2
 Total Traceable Variables  : 8
 Total Scalar Nets and Variables : 375
Total Line Count : 17

 Total Simulation Time: 0.3125 sec

 Current Memory Usage: 858.296 Meg

Sat Apr 15 20:29:37 2017

