Command line:
   tsregisterFile_isim_beh.exe
     -simmode  gui
     -simrunnum  1
     -socket  49472

Sat Apr 15 20:16:39 2017


 Elaboration Time: 0.265625 sec

 Current Memory Usage: 858.345 Meg

 Total Signals          : 17
 Total Nets             : 1137
 Total Signal Drivers   : 9
 Total Blocks           : 5
 Total Primitive Blocks : 4
 Total Processes        : 2
 Total Traceable Variables  : 10
 Total Scalar Nets and Variables : 1515
Total Line Count : 21

 Total Simulation Time: 0.296875 sec

 Current Memory Usage: 858.313 Meg

Sat Apr 15 20:17:27 2017

