Command line:
   tsseu_isim_beh.exe
     -simmode  gui
     -simrunnum  1
     -socket  49583

Sat Apr 15 20:45:47 2017


 Elaboration Time: 0.28125 sec

 Current Memory Usage: 1015.52 Meg

 Total Signals          : 6
 Total Nets             : 46
 Total Signal Drivers   : 2
 Total Blocks           : 3
 Total Primitive Blocks : 2
 Total Processes        : 2
 Total Traceable Variables  : 8
 Total Scalar Nets and Variables : 406
Total Line Count : 10

 Total Simulation Time: 0.296875 sec

 Current Memory Usage: 1015.49 Meg

Sat Apr 15 20:46:44 2017

