Command line:
   tsmux_isim_beh.exe
     -simmode  gui
     -simrunnum  1
     -socket  49606

Sat Apr 15 20:50:25 2017


 Elaboration Time: 0.328125 sec

 Current Memory Usage: 858.28 Meg

 Total Signals          : 10
 Total Nets             : 98
 Total Signal Drivers   : 4
 Total Blocks           : 3
 Total Primitive Blocks : 2
 Total Processes        : 2
 Total Traceable Variables  : 8
 Total Scalar Nets and Variables : 458
Total Line Count : 11

 Total Simulation Time: 0.375 sec

 Current Memory Usage: 858.28 Meg

Sat Apr 15 20:50:37 2017

